Watching for file changes with StatReloader
/Users/sharmila/PycharmProjects/bot/Bookshop/bookshop/settings.py changed, reloading.
Watching for file changes with StatReloader
/Users/sharmila/PycharmProjects/bot/Bookshop/bookshop/settings.py changed, reloading.
Watching for file changes with StatReloader
/Users/sharmila/PycharmProjects/bot/Bookshop/bookshop/settings.py changed, reloading.
Watching for file changes with StatReloader
/Users/sharmila/PycharmProjects/bot/Bookshop/book/models.py changed, reloading.
Watching for file changes with StatReloader
/Users/sharmila/PycharmProjects/bot/Bookshop/book/models.py changed, reloading.
Watching for file changes with StatReloader
/Users/sharmila/PycharmProjects/bot/Bookshop/book/models.py changed, reloading.
Watching for file changes with StatReloader
/Users/sharmila/PycharmProjects/bot/Bookshop/book/views.py changed, reloading.
Watching for file changes with StatReloader
/Users/sharmila/PycharmProjects/bot/Bookshop/book/views.py changed, reloading.
Watching for file changes with StatReloader
/Users/sharmila/PycharmProjects/bot/Bookshop/book/views.py changed, reloading.
Watching for file changes with StatReloader
/Users/sharmila/PycharmProjects/bot/Bookshop/user/views.py changed, reloading.
Watching for file changes with StatReloader
/Users/sharmila/PycharmProjects/bot/Bookshop/book/models.py changed, reloading.
Watching for file changes with StatReloader
/Users/sharmila/PycharmProjects/bot/Bookshop/book/models.py changed, reloading.
Watching for file changes with StatReloader
